<?xml version="1.0" encoding="UTF-8"?>
<testng-results skipped="0" failed="0" ignored="0" total="2" passed="2">
  <reporter-output>
  </reporter-output>
  <suite name="Default suite" duration-ms="9936" started-at="2019-05-05T18:22:26Z" finished-at="2019-05-05T18:22:36Z">
    <groups>
    </groups>
    <test name="Default test" duration-ms="9936" started-at="2019-05-05T18:22:26Z" finished-at="2019-05-05T18:22:36Z">
      <class name="TestCases.getURL">
        <test-method status="PASS" signature="setUp()[pri:0, instance:TestCases.getURL@77cd7a0]" name="setUp" is-config="true" duration-ms="7455" started-at="2019-05-05T18:22:26Z" finished-at="2019-05-05T18:22:33Z">
          <reporter-output>
          </reporter-output>
        </test-method> <!-- setUp -->
        <test-method status="PASS" signature="LInks()[pri:0, instance:TestCases.getURL@77cd7a0]" name="LInks" duration-ms="2152" started-at="2019-05-05T18:22:33Z" finished-at="2019-05-05T18:22:36Z">
          <reporter-output>
          </reporter-output>
        </test-method> <!-- LInks -->
        <test-method status="PASS" signature="URl()[pri:0, instance:TestCases.getURL@77cd7a0]" name="URl" duration-ms="25" started-at="2019-05-05T18:22:36Z" finished-at="2019-05-05T18:22:36Z">
          <reporter-output>
          </reporter-output>
        </test-method> <!-- URl -->
        <test-method status="PASS" signature="tearDown()[pri:0, instance:TestCases.getURL@77cd7a0]" name="tearDown" is-config="true" duration-ms="263" started-at="2019-05-05T18:22:36Z" finished-at="2019-05-05T18:22:36Z">
          <reporter-output>
          </reporter-output>
        </test-method> <!-- tearDown -->
      </class> <!-- TestCases.getURL -->
    </test> <!-- Default test -->
  </suite> <!-- Default suite -->
</testng-results>
